mode: count
github.com/wadearnold/ach/batchCOR.go:19.45,24.2 4 9
github.com/wadearnold/ach/batchCOR.go:27.41,29.39 1 12
github.com/wadearnold/ach/batchCOR.go:34.2,34.44 1 12
github.com/wadearnold/ach/batchCOR.go:39.2,39.50 1 9
github.com/wadearnold/ach/batchCOR.go:46.2,46.103 1 8
github.com/wadearnold/ach/batchCOR.go:51.2,51.12 1 7
github.com/wadearnold/ach/batchCOR.go:29.39,31.3 1 0
github.com/wadearnold/ach/batchCOR.go:34.44,36.3 1 3
github.com/wadearnold/ach/batchCOR.go:39.50,42.3 2 1
github.com/wadearnold/ach/batchCOR.go:46.103,49.3 2 1
github.com/wadearnold/ach/batchCOR.go:55.39,57.38 1 11
github.com/wadearnold/ach/batchCOR.go:61.2,61.25 1 10
github.com/wadearnold/ach/batchCOR.go:57.38,59.3 1 1
github.com/wadearnold/ach/batchCOR.go:65.44,66.38 1 12
github.com/wadearnold/ach/batchCOR.go:85.2,85.12 1 9
github.com/wadearnold/ach/batchCOR.go:66.38,68.31 1 12
github.com/wadearnold/ach/batchCOR.go:72.3,73.10 2 11
github.com/wadearnold/ach/batchCOR.go:78.3,78.46 1 10
github.com/wadearnold/ach/batchCOR.go:68.31,70.4 1 1
github.com/wadearnold/ach/batchCOR.go:73.10,76.4 2 1
github.com/wadearnold/ach/batchCOR.go:78.46,80.38 1 1
github.com/wadearnold/ach/batchCOR.go:80.38,82.5 1 1
github.com/wadearnold/ach/batchWeb.go:19.45,24.2 4 9
github.com/wadearnold/ach/batchWeb.go:27.41,29.39 1 13
github.com/wadearnold/ach/batchWeb.go:34.2,34.48 1 12
github.com/wadearnold/ach/batchWeb.go:37.2,37.47 1 11
github.com/wadearnold/ach/batchWeb.go:42.2,42.50 1 10
github.com/wadearnold/ach/batchWeb.go:47.2,47.34 1 9
github.com/wadearnold/ach/batchWeb.go:29.39,31.3 1 1
github.com/wadearnold/ach/batchWeb.go:34.48,36.3 1 1
github.com/wadearnold/ach/batchWeb.go:37.47,39.3 1 1
github.com/wadearnold/ach/batchWeb.go:42.50,45.3 2 1
github.com/wadearnold/ach/batchWeb.go:51.39,53.38 1 8
github.com/wadearnold/ach/batchWeb.go:57.2,57.25 1 7
github.com/wadearnold/ach/batchWeb.go:53.38,55.3 1 1
github.com/wadearnold/ach/fileHeader.go:96.33,106.2 2 45
github.com/wadearnold/ach/fileHeader.go:109.44,137.2 13 11
github.com/wadearnold/ach/fileHeader.go:140.39,157.2 1 5
github.com/wadearnold/ach/fileHeader.go:161.40,163.44 1 45
github.com/wadearnold/ach/fileHeader.go:166.2,166.26 1 36
github.com/wadearnold/ach/fileHeader.go:170.2,170.66 1 35
github.com/wadearnold/ach/fileHeader.go:173.2,173.33 1 33
github.com/wadearnold/ach/fileHeader.go:177.2,177.28 1 32
github.com/wadearnold/ach/fileHeader.go:180.2,180.31 1 31
github.com/wadearnold/ach/fileHeader.go:183.2,183.26 1 30
github.com/wadearnold/ach/fileHeader.go:186.2,186.71 1 29
github.com/wadearnold/ach/fileHeader.go:189.2,189.39 1 28
github.com/wadearnold/ach/fileHeader.go:192.2,192.44 1 27
github.com/wadearnold/ach/fileHeader.go:195.2,195.66 1 26
github.com/wadearnold/ach/fileHeader.go:198.2,198.60 1 25
github.com/wadearnold/ach/fileHeader.go:208.2,208.12 1 24
github.com/wadearnold/ach/fileHeader.go:163.44,165.3 1 9
github.com/wadearnold/ach/fileHeader.go:166.26,169.3 2 1
github.com/wadearnold/ach/fileHeader.go:170.66,172.3 1 2
github.com/wadearnold/ach/fileHeader.go:173.33,176.3 2 1
github.com/wadearnold/ach/fileHeader.go:177.28,179.3 1 1
github.com/wadearnold/ach/fileHeader.go:180.31,182.3 1 1
github.com/wadearnold/ach/fileHeader.go:183.26,185.3 1 1
github.com/wadearnold/ach/fileHeader.go:186.71,188.3 1 1
github.com/wadearnold/ach/fileHeader.go:189.39,191.3 1 1
github.com/wadearnold/ach/fileHeader.go:192.44,194.3 1 1
github.com/wadearnold/ach/fileHeader.go:195.66,197.3 1 1
github.com/wadearnold/ach/fileHeader.go:198.60,200.3 1 1
github.com/wadearnold/ach/fileHeader.go:213.46,214.25 1 45
github.com/wadearnold/ach/fileHeader.go:217.2,217.35 1 43
github.com/wadearnold/ach/fileHeader.go:220.2,220.30 1 42
github.com/wadearnold/ach/fileHeader.go:223.2,223.34 1 41
github.com/wadearnold/ach/fileHeader.go:226.2,226.29 1 40
github.com/wadearnold/ach/fileHeader.go:229.2,229.25 1 39
github.com/wadearnold/ach/fileHeader.go:232.2,232.29 1 38
github.com/wadearnold/ach/fileHeader.go:235.2,235.25 1 37
github.com/wadearnold/ach/fileHeader.go:238.2,238.12 1 36
github.com/wadearnold/ach/fileHeader.go:214.25,216.3 1 2
github.com/wadearnold/ach/fileHeader.go:217.35,219.3 1 1
github.com/wadearnold/ach/fileHeader.go:220.30,222.3 1 1
github.com/wadearnold/ach/fileHeader.go:223.34,225.3 1 1
github.com/wadearnold/ach/fileHeader.go:226.29,228.3 1 1
github.com/wadearnold/ach/fileHeader.go:229.25,231.3 1 1
github.com/wadearnold/ach/fileHeader.go:232.29,234.3 1 1
github.com/wadearnold/ach/fileHeader.go:235.25,237.3 1 1
github.com/wadearnold/ach/fileHeader.go:242.58,244.2 1 7
github.com/wadearnold/ach/fileHeader.go:247.53,249.2 1 7
github.com/wadearnold/ach/fileHeader.go:252.54,254.2 1 6
github.com/wadearnold/ach/fileHeader.go:257.54,259.2 1 6
github.com/wadearnold/ach/fileHeader.go:262.62,264.2 1 6
github.com/wadearnold/ach/fileHeader.go:267.57,269.2 1 6
github.com/wadearnold/ach/fileHeader.go:272.51,274.2 1 6
github.com/wadearnold/ach/reader.go:22.37,23.20 1 2
github.com/wadearnold/ach/reader.go:26.2,26.79 1 1
github.com/wadearnold/ach/reader.go:23.20,25.3 1 1
github.com/wadearnold/ach/reader.go:46.41,52.2 1 24
github.com/wadearnold/ach/reader.go:56.49,58.2 1 24
github.com/wadearnold/ach/reader.go:61.37,65.2 1 38
github.com/wadearnold/ach/reader.go:70.39,73.23 2 27
github.com/wadearnold/ach/reader.go:94.2,94.37 1 8
github.com/wadearnold/ach/reader.go:99.2,99.39 1 5
github.com/wadearnold/ach/reader.go:105.2,105.20 1 4
github.com/wadearnold/ach/reader.go:73.23,78.10 4 73
github.com/wadearnold/ach/reader.go:79.84,80.57 1 2
github.com/wadearnold/ach/reader.go:83.35,86.31 3 3
github.com/wadearnold/ach/reader.go:87.11,89.40 2 68
github.com/wadearnold/ach/reader.go:80.57,82.5 1 1
github.com/wadearnold/ach/reader.go:89.40,91.5 1 15
github.com/wadearnold/ach/reader.go:94.37,98.3 2 3
github.com/wadearnold/ach/reader.go:99.39,103.3 2 1
github.com/wadearnold/ach/reader.go:108.60,111.26 2 2
github.com/wadearnold/ach/reader.go:121.2,121.12 1 1
github.com/wadearnold/ach/reader.go:111.26,113.39 2 658
github.com/wadearnold/ach/reader.go:113.39,115.40 2 7
github.com/wadearnold/ach/reader.go:118.4,118.15 1 6
github.com/wadearnold/ach/reader.go:115.40,117.5 1 1
github.com/wadearnold/ach/reader.go:124.36,125.20 1 75
github.com/wadearnold/ach/reader.go:164.2,164.12 1 59
github.com/wadearnold/ach/reader.go:126.21,127.45 1 9
github.com/wadearnold/ach/reader.go:130.22,131.46 1 17
github.com/wadearnold/ach/reader.go:134.22,135.46 1 16
github.com/wadearnold/ach/reader.go:138.23,139.42 1 7
github.com/wadearnold/ach/reader.go:142.23,143.47 1 9
github.com/wadearnold/ach/reader.go:146.3,146.51 1 7
github.com/wadearnold/ach/reader.go:150.3,151.23 2 6
github.com/wadearnold/ach/reader.go:152.22,153.25 1 16
github.com/wadearnold/ach/reader.go:157.3,157.46 1 6
github.com/wadearnold/ach/reader.go:160.10,162.83 2 1
github.com/wadearnold/ach/reader.go:127.45,129.4 1 2
github.com/wadearnold/ach/reader.go:131.46,133.4 1 3
github.com/wadearnold/ach/reader.go:135.46,137.4 1 1
github.com/wadearnold/ach/reader.go:139.42,141.4 1 4
github.com/wadearnold/ach/reader.go:143.47,145.4 1 2
github.com/wadearnold/ach/reader.go:146.51,149.4 2 1
github.com/wadearnold/ach/reader.go:153.25,155.9 1 10
github.com/wadearnold/ach/reader.go:157.46,159.4 1 2
github.com/wadearnold/ach/reader.go:168.42,170.37 2 11
github.com/wadearnold/ach/reader.go:174.2,176.49 2 11
github.com/wadearnold/ach/reader.go:179.2,179.12 1 9
github.com/wadearnold/ach/reader.go:170.37,173.3 1 1
github.com/wadearnold/ach/reader.go:176.49,178.3 1 2
github.com/wadearnold/ach/reader.go:183.43,185.27 2 19
github.com/wadearnold/ach/reader.go:191.2,193.38 3 18
github.com/wadearnold/ach/reader.go:198.2,199.16 2 16
github.com/wadearnold/ach/reader.go:203.2,204.12 2 16
github.com/wadearnold/ach/reader.go:185.27,188.3 1 1
github.com/wadearnold/ach/reader.go:193.38,195.3 1 2
github.com/wadearnold/ach/reader.go:199.16,201.3 1 0
github.com/wadearnold/ach/reader.go:208.43,210.27 2 18
github.com/wadearnold/ach/reader.go:213.2,215.38 3 17
github.com/wadearnold/ach/reader.go:218.2,219.12 2 17
github.com/wadearnold/ach/reader.go:210.27,212.3 1 1
github.com/wadearnold/ach/reader.go:215.38,217.3 1 0
github.com/wadearnold/ach/reader.go:223.39,226.27 2 7
github.com/wadearnold/ach/reader.go:230.2,230.43 1 6
github.com/wadearnold/ach/reader.go:233.2,236.39 3 5
github.com/wadearnold/ach/reader.go:265.2,265.12 1 3
github.com/wadearnold/ach/reader.go:226.27,229.3 2 1
github.com/wadearnold/ach/reader.go:230.43,232.3 1 1
github.com/wadearnold/ach/reader.go:236.39,237.22 1 4
github.com/wadearnold/ach/reader.go:238.13,241.47 3 2
github.com/wadearnold/ach/reader.go:244.4,244.65 1 1
github.com/wadearnold/ach/reader.go:245.13,248.47 3 1
github.com/wadearnold/ach/reader.go:251.4,251.65 1 1
github.com/wadearnold/ach/reader.go:252.13,255.47 3 1
github.com/wadearnold/ach/reader.go:258.4,258.65 1 1
github.com/wadearnold/ach/reader.go:241.47,243.5 1 1
github.com/wadearnold/ach/reader.go:248.47,250.5 1 0
github.com/wadearnold/ach/reader.go:255.47,257.5 1 0
github.com/wadearnold/ach/reader.go:260.8,263.3 2 1
github.com/wadearnold/ach/reader.go:269.44,271.27 2 11
github.com/wadearnold/ach/reader.go:275.2,276.63 2 10
github.com/wadearnold/ach/reader.go:279.2,279.12 1 9
github.com/wadearnold/ach/reader.go:271.27,274.3 1 1
github.com/wadearnold/ach/reader.go:276.63,278.3 1 1
github.com/wadearnold/ach/reader.go:283.43,285.39 2 8
github.com/wadearnold/ach/reader.go:289.2,290.50 2 7
github.com/wadearnold/ach/reader.go:293.2,293.12 1 6
github.com/wadearnold/ach/reader.go:285.39,288.3 1 1
github.com/wadearnold/ach/reader.go:290.50,292.3 1 1
github.com/wadearnold/ach/batchCCD.go:15.45,20.2 4 7
github.com/wadearnold/ach/batchCCD.go:23.41,25.39 1 13
github.com/wadearnold/ach/batchCCD.go:30.2,30.48 1 10
github.com/wadearnold/ach/batchCCD.go:33.2,33.47 1 8
github.com/wadearnold/ach/batchCCD.go:38.2,38.50 1 7
github.com/wadearnold/ach/batchCCD.go:43.2,43.12 1 6
github.com/wadearnold/ach/batchCCD.go:25.39,27.3 1 3
github.com/wadearnold/ach/batchCCD.go:30.48,32.3 1 2
github.com/wadearnold/ach/batchCCD.go:33.47,35.3 1 1
github.com/wadearnold/ach/batchCCD.go:38.50,41.3 2 1
github.com/wadearnold/ach/batchCCD.go:47.39,49.38 1 8
github.com/wadearnold/ach/batchCCD.go:53.2,53.25 1 7
github.com/wadearnold/ach/batchCCD.go:49.38,51.3 1 1
github.com/wadearnold/ach/batchHeader.go:108.36,115.2 2 228
github.com/wadearnold/ach/batchHeader.go:118.45,153.2 13 18
github.com/wadearnold/ach/batchHeader.go:156.40,172.2 1 14
github.com/wadearnold/ach/batchHeader.go:176.41,177.44 1 212
github.com/wadearnold/ach/batchHeader.go:180.2,180.26 1 198
github.com/wadearnold/ach/batchHeader.go:184.2,184.63 1 197
github.com/wadearnold/ach/batchHeader.go:187.2,187.64 1 194
github.com/wadearnold/ach/batchHeader.go:190.2,190.75 1 192
github.com/wadearnold/ach/batchHeader.go:193.2,193.58 1 191
github.com/wadearnold/ach/batchHeader.go:196.2,196.71 1 190
github.com/wadearnold/ach/batchHeader.go:199.2,199.68 1 189
github.com/wadearnold/ach/batchHeader.go:202.2,202.70 1 188
github.com/wadearnold/ach/batchHeader.go:205.2,205.12 1 187
github.com/wadearnold/ach/batchHeader.go:177.44,179.3 1 14
github.com/wadearnold/ach/batchHeader.go:180.26,183.3 2 1
github.com/wadearnold/ach/batchHeader.go:184.63,186.3 1 3
github.com/wadearnold/ach/batchHeader.go:187.64,189.3 1 2
github.com/wadearnold/ach/batchHeader.go:190.75,192.3 1 1
github.com/wadearnold/ach/batchHeader.go:193.58,195.3 1 1
github.com/wadearnold/ach/batchHeader.go:196.71,198.3 1 1
github.com/wadearnold/ach/batchHeader.go:199.68,201.3 1 1
github.com/wadearnold/ach/batchHeader.go:202.70,204.3 1 1
github.com/wadearnold/ach/batchHeader.go:210.47,211.25 1 212
github.com/wadearnold/ach/batchHeader.go:214.2,214.30 1 211
github.com/wadearnold/ach/batchHeader.go:217.2,217.26 1 204
github.com/wadearnold/ach/batchHeader.go:220.2,220.36 1 203
github.com/wadearnold/ach/batchHeader.go:223.2,223.37 1 202
github.com/wadearnold/ach/batchHeader.go:226.2,226.38 1 201
github.com/wadearnold/ach/batchHeader.go:229.2,229.33 1 200
github.com/wadearnold/ach/batchHeader.go:232.2,232.12 1 198
github.com/wadearnold/ach/batchHeader.go:211.25,213.3 1 1
github.com/wadearnold/ach/batchHeader.go:214.30,216.3 1 7
github.com/wadearnold/ach/batchHeader.go:217.26,219.3 1 1
github.com/wadearnold/ach/batchHeader.go:220.36,222.3 1 1
github.com/wadearnold/ach/batchHeader.go:223.37,225.3 1 1
github.com/wadearnold/ach/batchHeader.go:226.38,228.3 1 1
github.com/wadearnold/ach/batchHeader.go:229.33,231.3 1 2
github.com/wadearnold/ach/batchHeader.go:236.50,238.2 1 15
github.com/wadearnold/ach/batchHeader.go:241.63,243.2 1 15
github.com/wadearnold/ach/batchHeader.go:246.60,248.2 1 15
github.com/wadearnold/ach/batchHeader.go:251.62,253.2 1 15
github.com/wadearnold/ach/batchHeader.go:256.61,258.2 1 14
github.com/wadearnold/ach/batchHeader.go:261.57,263.2 1 15
github.com/wadearnold/ach/batchHeader.go:266.57,268.2 1 188
github.com/wadearnold/ach/batchHeader.go:271.50,273.2 1 15
github.com/wadearnold/ach/batchHeader.go:275.53,277.2 1 14
github.com/wadearnold/ach/batchPPD.go:13.45,18.2 4 41
github.com/wadearnold/ach/batchPPD.go:21.41,23.39 1 30
github.com/wadearnold/ach/batchPPD.go:29.2,29.48 1 23
github.com/wadearnold/ach/batchPPD.go:32.2,32.47 1 23
github.com/wadearnold/ach/batchPPD.go:38.2,38.12 1 20
github.com/wadearnold/ach/batchPPD.go:23.39,25.3 1 7
github.com/wadearnold/ach/batchPPD.go:29.48,31.3 1 0
github.com/wadearnold/ach/batchPPD.go:32.47,34.3 1 3
github.com/wadearnold/ach/batchPPD.go:42.39,44.38 1 21
github.com/wadearnold/ach/batchPPD.go:50.2,50.25 1 20
github.com/wadearnold/ach/batchPPD.go:44.38,46.3 1 1
github.com/wadearnold/ach/batcher.go:35.37,37.2 1 1
github.com/wadearnold/ach/addenda05.go:36.32,41.2 4 45
github.com/wadearnold/ach/addenda05.go:44.50,56.2 5 4
github.com/wadearnold/ach/addenda05.go:59.45,66.2 1 7
github.com/wadearnold/ach/addenda05.go:69.79,73.2 2 0
github.com/wadearnold/ach/addenda05.go:77.46,78.51 1 51
github.com/wadearnold/ach/addenda05.go:81.2,81.33 1 47
github.com/wadearnold/ach/addenda05.go:85.2,85.65 1 46
github.com/wadearnold/ach/addenda05.go:88.2,88.86 1 41
github.com/wadearnold/ach/addenda05.go:92.2,92.12 1 40
github.com/wadearnold/ach/addenda05.go:78.51,80.3 1 4
github.com/wadearnold/ach/addenda05.go:81.33,84.3 2 1
github.com/wadearnold/ach/addenda05.go:85.65,87.3 1 5
github.com/wadearnold/ach/addenda05.go:88.86,90.3 1 1
github.com/wadearnold/ach/addenda05.go:97.52,98.32 1 51
github.com/wadearnold/ach/addenda05.go:101.2,101.30 1 50
github.com/wadearnold/ach/addenda05.go:104.2,104.35 1 49
github.com/wadearnold/ach/addenda05.go:107.2,107.46 1 48
github.com/wadearnold/ach/addenda05.go:110.2,110.12 1 47
github.com/wadearnold/ach/addenda05.go:98.32,100.3 1 1
github.com/wadearnold/ach/addenda05.go:101.30,103.3 1 1
github.com/wadearnold/ach/addenda05.go:104.35,106.3 1 1
github.com/wadearnold/ach/addenda05.go:107.46,109.3 1 1
github.com/wadearnold/ach/addenda05.go:114.69,116.2 1 8
github.com/wadearnold/ach/addenda05.go:119.58,121.2 1 9
github.com/wadearnold/ach/addenda05.go:124.69,126.2 1 44
github.com/wadearnold/ach/addenda05.go:129.47,131.2 1 28
github.com/wadearnold/ach/addenda98.go:43.13,46.2 1 1
github.com/wadearnold/ach/addenda98.go:55.32,61.2 2 20
github.com/wadearnold/ach/addenda98.go:64.50,79.2 7 3
github.com/wadearnold/ach/addenda98.go:82.45,94.2 1 2
github.com/wadearnold/ach/addenda98.go:97.46,98.33 1 26
github.com/wadearnold/ach/addenda98.go:103.2,103.32 1 25
github.com/wadearnold/ach/addenda98.go:108.2,109.9 2 22
github.com/wadearnold/ach/addenda98.go:114.2,114.35 1 21
github.com/wadearnold/ach/addenda98.go:118.2,118.12 1 20
github.com/wadearnold/ach/addenda98.go:98.33,101.3 2 1
github.com/wadearnold/ach/addenda98.go:103.32,105.3 1 3
github.com/wadearnold/ach/addenda98.go:109.9,111.3 1 1
github.com/wadearnold/ach/addenda98.go:114.35,116.3 1 1
github.com/wadearnold/ach/addenda98.go:122.47,124.2 1 2
github.com/wadearnold/ach/addenda98.go:127.57,129.2 1 3
github.com/wadearnold/ach/addenda98.go:132.55,134.2 1 3
github.com/wadearnold/ach/addenda98.go:137.57,139.2 1 3
github.com/wadearnold/ach/addenda98.go:142.55,144.2 1 3
github.com/wadearnold/ach/addenda98.go:146.50,163.29 3 1
github.com/wadearnold/ach/addenda98.go:166.2,166.13 1 1
github.com/wadearnold/ach/addenda98.go:163.29,165.3 1 11
github.com/wadearnold/ach/batch.go:22.49,23.35 1 24
github.com/wadearnold/ach/batch.go:36.2,37.71 2 1
github.com/wadearnold/ach/batch.go:24.13,25.30 1 17
github.com/wadearnold/ach/batch.go:26.13,27.30 1 3
github.com/wadearnold/ach/batch.go:28.13,29.30 1 1
github.com/wadearnold/ach/batch.go:30.13,31.30 1 1
github.com/wadearnold/ach/batch.go:32.13,33.30 1 1
github.com/wadearnold/ach/batch.go:34.10,34.10 0 1
github.com/wadearnold/ach/batch.go:41.36,45.49 2 93
github.com/wadearnold/ach/batch.go:53.2,53.69 1 87
github.com/wadearnold/ach/batch.go:58.2,58.79 1 86
github.com/wadearnold/ach/batch.go:63.2,63.73 1 85
github.com/wadearnold/ach/batch.go:68.2,68.59 1 83
github.com/wadearnold/ach/batch.go:73.2,73.50 1 82
github.com/wadearnold/ach/batch.go:77.2,77.52 1 79
github.com/wadearnold/ach/batch.go:81.2,81.46 1 76
github.com/wadearnold/ach/batch.go:85.2,85.44 1 74
github.com/wadearnold/ach/batch.go:89.2,89.48 1 73
github.com/wadearnold/ach/batch.go:93.2,93.50 1 72
github.com/wadearnold/ach/batch.go:97.2,97.50 1 71
github.com/wadearnold/ach/batch.go:100.2,100.27 1 68
github.com/wadearnold/ach/batch.go:45.49,47.37 1 6
github.com/wadearnold/ach/batch.go:50.3,50.90 1 0
github.com/wadearnold/ach/batch.go:47.37,49.4 1 6
github.com/wadearnold/ach/batch.go:53.69,56.3 2 1
github.com/wadearnold/ach/batch.go:58.79,61.3 2 1
github.com/wadearnold/ach/batch.go:63.73,66.3 2 2
github.com/wadearnold/ach/batch.go:68.59,71.3 2 1
github.com/wadearnold/ach/batch.go:73.50,75.3 1 3
github.com/wadearnold/ach/batch.go:77.52,79.3 1 3
github.com/wadearnold/ach/batch.go:81.46,83.3 1 2
github.com/wadearnold/ach/batch.go:85.44,87.3 1 1
github.com/wadearnold/ach/batch.go:89.48,91.3 1 1
github.com/wadearnold/ach/batch.go:93.50,95.3 1 1
github.com/wadearnold/ach/batch.go:97.50,99.3 1 3
github.com/wadearnold/ach/batch.go:105.35,107.48 1 83
github.com/wadearnold/ach/batch.go:110.2,110.29 1 78
github.com/wadearnold/ach/batch.go:114.2,116.38 3 77
github.com/wadearnold/ach/batch.go:145.2,155.12 10 77
github.com/wadearnold/ach/batch.go:107.48,109.3 1 5
github.com/wadearnold/ach/batch.go:110.29,112.3 1 1
github.com/wadearnold/ach/batch.go:116.38,119.17 3 94
github.com/wadearnold/ach/batch.go:123.3,124.17 2 94
github.com/wadearnold/ach/batch.go:129.3,129.48 1 94
github.com/wadearnold/ach/batch.go:132.3,134.33 3 94
github.com/wadearnold/ach/batch.go:119.17,121.4 1 0
github.com/wadearnold/ach/batch.go:124.17,126.4 1 0
github.com/wadearnold/ach/batch.go:129.48,131.4 1 1
github.com/wadearnold/ach/batch.go:134.33,136.62 1 39
github.com/wadearnold/ach/batch.go:140.4,140.16 1 39
github.com/wadearnold/ach/batch.go:136.62,139.5 2 28
github.com/wadearnold/ach/batch.go:159.57,161.2 1 98
github.com/wadearnold/ach/batch.go:164.46,166.2 1 27
github.com/wadearnold/ach/batch.go:169.60,171.2 1 73
github.com/wadearnold/ach/batch.go:174.48,176.2 1 176
github.com/wadearnold/ach/batch.go:179.49,181.2 1 140
github.com/wadearnold/ach/batch.go:184.50,187.2 2 93
github.com/wadearnold/ach/batch.go:190.39,192.2 1 22
github.com/wadearnold/ach/batch.go:195.46,196.48 1 93
github.com/wadearnold/ach/batch.go:199.2,199.38 1 89
github.com/wadearnold/ach/batch.go:209.2,209.33 1 82
github.com/wadearnold/ach/batch.go:196.48,198.3 1 4
github.com/wadearnold/ach/batch.go:199.38,200.42 1 108
github.com/wadearnold/ach/batch.go:203.3,203.42 1 106
github.com/wadearnold/ach/batch.go:200.42,202.4 1 2
github.com/wadearnold/ach/batch.go:203.42,204.45 1 53
github.com/wadearnold/ach/batch.go:204.45,206.5 1 5
github.com/wadearnold/ach/batch.go:215.47,217.38 2 82
github.com/wadearnold/ach/batch.go:220.2,220.51 1 82
github.com/wadearnold/ach/batch.go:224.2,224.12 1 79
github.com/wadearnold/ach/batch.go:217.38,219.3 1 101
github.com/wadearnold/ach/batch.go:220.51,223.3 2 3
github.com/wadearnold/ach/batch.go:230.43,232.56 2 76
github.com/wadearnold/ach/batch.go:237.2,237.58 1 75
github.com/wadearnold/ach/batch.go:241.2,241.12 1 74
github.com/wadearnold/ach/batch.go:232.56,235.3 2 1
github.com/wadearnold/ach/batch.go:237.58,240.3 2 1
github.com/wadearnold/ach/batch.go:244.69,245.38 1 153
github.com/wadearnold/ach/batch.go:253.2,253.22 1 153
github.com/wadearnold/ach/batch.go:245.38,246.158 1 176
github.com/wadearnold/ach/batch.go:249.3,249.189 1 176
github.com/wadearnold/ach/batch.go:246.158,248.4 1 117
github.com/wadearnold/ach/batch.go:249.189,251.4 1 59
github.com/wadearnold/ach/batch.go:258.49,260.38 2 79
github.com/wadearnold/ach/batch.go:267.2,267.12 1 76
github.com/wadearnold/ach/batch.go:260.38,261.35 1 88
github.com/wadearnold/ach/batch.go:265.3,265.30 1 85
github.com/wadearnold/ach/batch.go:261.35,264.4 2 3
github.com/wadearnold/ach/batch.go:271.41,273.49 2 74
github.com/wadearnold/ach/batch.go:277.2,277.12 1 73
github.com/wadearnold/ach/batch.go:273.49,276.3 2 1
github.com/wadearnold/ach/batch.go:282.49,284.38 2 151
github.com/wadearnold/ach/batch.go:290.2,290.37 1 151
github.com/wadearnold/ach/batch.go:284.38,289.3 2 172
github.com/wadearnold/ach/batch.go:294.45,295.44 1 73
github.com/wadearnold/ach/batch.go:303.2,303.12 1 72
github.com/wadearnold/ach/batch.go:295.44,296.39 1 73
github.com/wadearnold/ach/batch.go:296.39,297.66 1 77
github.com/wadearnold/ach/batch.go:297.66,300.5 2 1
github.com/wadearnold/ach/batch.go:308.47,309.38 1 72
github.com/wadearnold/ach/batch.go:316.2,316.12 1 71
github.com/wadearnold/ach/batch.go:309.38,310.77 1 76
github.com/wadearnold/ach/batch.go:310.77,313.4 2 1
github.com/wadearnold/ach/batch.go:320.47,321.38 1 71
github.com/wadearnold/ach/batch.go:347.2,347.12 1 68
github.com/wadearnold/ach/batch.go:321.38,322.30 1 75
github.com/wadearnold/ach/batch.go:322.30,324.41 1 44
github.com/wadearnold/ach/batch.go:327.4,329.43 2 43
github.com/wadearnold/ach/batch.go:324.41,326.5 1 1
github.com/wadearnold/ach/batch.go:329.43,331.42 1 47
github.com/wadearnold/ach/batch.go:331.42,333.36 1 35
github.com/wadearnold/ach/batch.go:337.6,339.79 2 34
github.com/wadearnold/ach/batch.go:333.36,336.7 2 1
github.com/wadearnold/ach/batch.go:339.79,342.7 2 1
github.com/wadearnold/ach/batch.go:353.53,354.38 1 55
github.com/wadearnold/ach/batch.go:361.2,361.12 1 50
github.com/wadearnold/ach/batch.go:354.38,355.34 1 58
github.com/wadearnold/ach/batch.go:355.34,358.4 2 5
github.com/wadearnold/ach/batch.go:365.55,366.38 1 42
github.com/wadearnold/ach/batch.go:374.2,374.12 1 37
github.com/wadearnold/ach/batch.go:366.38,367.42 1 45
github.com/wadearnold/ach/batch.go:367.42,368.38 1 24
github.com/wadearnold/ach/batch.go:368.38,371.5 2 5
github.com/wadearnold/ach/batch.go:378.40,380.28 2 68
github.com/wadearnold/ach/batch.go:390.2,390.12 1 67
github.com/wadearnold/ach/batch.go:380.28,381.43 1 2
github.com/wadearnold/ach/batch.go:381.43,382.48 1 4
github.com/wadearnold/ach/batch.go:385.4,385.45 1 4
github.com/wadearnold/ach/batch.go:382.48,383.13 1 0
github.com/wadearnold/ach/batch.go:385.45,387.5 1 1
github.com/wadearnold/ach/batch.go:396.47,397.38 1 15
github.com/wadearnold/ach/batch.go:404.2,404.12 1 15
github.com/wadearnold/ach/batch.go:397.38,398.141 1 18
github.com/wadearnold/ach/batch.go:398.141,402.4 2 0
github.com/wadearnold/ach/converters.go:16.54,19.2 2 456
github.com/wadearnold/ach/converters.go:21.60,24.2 2 301
github.com/wadearnold/ach/converters.go:27.59,29.2 1 22
github.com/wadearnold/ach/converters.go:32.58,35.2 2 32
github.com/wadearnold/ach/converters.go:38.59,40.2 1 6
github.com/wadearnold/ach/converters.go:43.58,46.2 2 11
github.com/wadearnold/ach/converters.go:49.60,51.14 2 188
github.com/wadearnold/ach/converters.go:54.2,55.10 2 184
github.com/wadearnold/ach/converters.go:51.14,53.3 1 4
github.com/wadearnold/ach/converters.go:59.59,62.14 3 774
github.com/wadearnold/ach/converters.go:65.2,66.10 2 773
github.com/wadearnold/ach/converters.go:62.14,64.3 1 1
github.com/wadearnold/ach/converters.go:70.64,72.14 2 574
github.com/wadearnold/ach/converters.go:75.2,76.10 2 513
github.com/wadearnold/ach/converters.go:72.14,74.3 1 61
github.com/wadearnold/ach/entryDetail.go:94.36,100.2 2 105
github.com/wadearnold/ach/entryDetail.go:103.45,129.2 11 17
github.com/wadearnold/ach/entryDetail.go:132.40,145.2 1 11
github.com/wadearnold/ach/entryDetail.go:149.41,150.44 1 143
github.com/wadearnold/ach/entryDetail.go:153.2,153.26 1 135
github.com/wadearnold/ach/entryDetail.go:157.2,157.65 1 134
github.com/wadearnold/ach/entryDetail.go:160.2,160.63 1 133
github.com/wadearnold/ach/entryDetail.go:163.2,163.67 1 132
github.com/wadearnold/ach/entryDetail.go:166.2,166.61 1 131
github.com/wadearnold/ach/entryDetail.go:169.2,169.64 1 130
github.com/wadearnold/ach/entryDetail.go:173.2,176.16 3 129
github.com/wadearnold/ach/entryDetail.go:180.2,180.32 1 129
github.com/wadearnold/ach/entryDetail.go:184.2,184.12 1 128
github.com/wadearnold/ach/entryDetail.go:150.44,152.3 1 8
github.com/wadearnold/ach/entryDetail.go:153.26,156.3 2 1
github.com/wadearnold/ach/entryDetail.go:157.65,159.3 1 1
github.com/wadearnold/ach/entryDetail.go:160.63,162.3 1 1
github.com/wadearnold/ach/entryDetail.go:163.67,165.3 1 1
github.com/wadearnold/ach/entryDetail.go:166.61,168.3 1 1
github.com/wadearnold/ach/entryDetail.go:169.64,171.3 1 1
github.com/wadearnold/ach/entryDetail.go:176.16,178.3 1 0
github.com/wadearnold/ach/entryDetail.go:180.32,183.3 2 1
github.com/wadearnold/ach/entryDetail.go:189.47,190.25 1 143
github.com/wadearnold/ach/entryDetail.go:193.2,193.29 1 142
github.com/wadearnold/ach/entryDetail.go:196.2,196.33 1 141
github.com/wadearnold/ach/entryDetail.go:199.2,199.31 1 140
github.com/wadearnold/ach/entryDetail.go:202.2,202.29 1 139
github.com/wadearnold/ach/entryDetail.go:205.2,205.25 1 136
github.com/wadearnold/ach/entryDetail.go:208.2,208.12 1 135
github.com/wadearnold/ach/entryDetail.go:190.25,192.3 1 1
github.com/wadearnold/ach/entryDetail.go:193.29,195.3 1 1
github.com/wadearnold/ach/entryDetail.go:196.33,198.3 1 1
github.com/wadearnold/ach/entryDetail.go:199.31,201.3 1 1
github.com/wadearnold/ach/entryDetail.go:202.29,204.3 1 3
github.com/wadearnold/ach/entryDetail.go:205.25,207.3 1 1
github.com/wadearnold/ach/entryDetail.go:212.68,215.24 2 49
github.com/wadearnold/ach/entryDetail.go:216.18,220.21 4 8
github.com/wadearnold/ach/entryDetail.go:221.18,225.21 4 9
github.com/wadearnold/ach/entryDetail.go:227.10,230.21 3 32
github.com/wadearnold/ach/entryDetail.go:235.58,240.2 4 105
github.com/wadearnold/ach/entryDetail.go:243.75,246.2 2 106
github.com/wadearnold/ach/entryDetail.go:249.57,251.2 1 142
github.com/wadearnold/ach/entryDetail.go:254.55,256.2 1 12
github.com/wadearnold/ach/entryDetail.go:259.45,261.2 1 12
github.com/wadearnold/ach/entryDetail.go:264.59,266.2 1 11
github.com/wadearnold/ach/entryDetail.go:269.53,271.2 1 11
github.com/wadearnold/ach/entryDetail.go:274.55,276.2 1 0
github.com/wadearnold/ach/entryDetail.go:279.54,281.2 1 15
github.com/wadearnold/ach/entryDetail.go:284.56,286.2 1 11
github.com/wadearnold/ach/entryDetail.go:289.50,293.2 2 18
github.com/wadearnold/ach/entryDetail.go:296.49,298.14 2 30
github.com/wadearnold/ach/entryDetail.go:298.14,300.3 1 0
github.com/wadearnold/ach/entryDetail.go:300.8,302.3 1 30
github.com/wadearnold/ach/entryDetail.go:306.50,308.2 1 249
github.com/wadearnold/ach/entryDetail.go:311.47,314.17 2 9
github.com/wadearnold/ach/entryDetail.go:320.2,320.11 1 0
github.com/wadearnold/ach/entryDetail.go:315.21,316.13 1 2
github.com/wadearnold/ach/entryDetail.go:317.21,318.13 1 7
github.com/wadearnold/ach/file.go:50.36,52.2 1 1
github.com/wadearnold/ach/file.go:69.22,74.2 1 13
github.com/wadearnold/ach/file.go:77.31,79.44 1 14
github.com/wadearnold/ach/file.go:83.2,83.25 1 13
github.com/wadearnold/ach/file.go:87.2,93.34 7 12
github.com/wadearnold/ach/file.go:109.2,112.36 3 12
github.com/wadearnold/ach/file.go:117.2,123.12 6 12
github.com/wadearnold/ach/file.go:79.44,81.3 1 1
github.com/wadearnold/ach/file.go:83.25,85.3 1 1
github.com/wadearnold/ach/file.go:93.34,107.3 8 15
github.com/wadearnold/ach/file.go:112.36,114.3 1 11
github.com/wadearnold/ach/file.go:114.8,116.3 1 1
github.com/wadearnold/ach/file.go:127.50,128.22 1 21
github.com/wadearnold/ach/file.go:132.2,132.40 1 21
github.com/wadearnold/ach/file.go:135.2,136.18 2 21
github.com/wadearnold/ach/file.go:129.17,130.77 1 1
github.com/wadearnold/ach/file.go:132.40,134.3 1 1
github.com/wadearnold/ach/file.go:140.46,143.2 2 13
github.com/wadearnold/ach/file.go:146.33,148.44 1 11
github.com/wadearnold/ach/file.go:153.2,153.48 1 10
github.com/wadearnold/ach/file.go:157.2,157.41 1 9
github.com/wadearnold/ach/file.go:161.2,161.24 1 7
github.com/wadearnold/ach/file.go:148.44,151.3 2 1
github.com/wadearnold/ach/file.go:153.48,155.3 1 1
github.com/wadearnold/ach/file.go:157.41,159.3 1 2
github.com/wadearnold/ach/file.go:166.44,169.34 2 10
github.com/wadearnold/ach/file.go:172.2,172.42 1 10
github.com/wadearnold/ach/file.go:176.2,176.12 1 9
github.com/wadearnold/ach/file.go:169.34,171.3 1 14
github.com/wadearnold/ach/file.go:172.42,175.3 2 1
github.com/wadearnold/ach/file.go:181.37,184.34 3 9
github.com/wadearnold/ach/file.go:188.2,188.58 1 9
github.com/wadearnold/ach/file.go:192.2,192.60 1 8
github.com/wadearnold/ach/file.go:196.2,196.12 1 7
github.com/wadearnold/ach/file.go:184.34,187.3 2 13
github.com/wadearnold/ach/file.go:188.58,191.3 2 1
github.com/wadearnold/ach/file.go:192.60,195.3 2 1
github.com/wadearnold/ach/file.go:200.36,202.45 2 7
github.com/wadearnold/ach/file.go:206.2,206.12 1 6
github.com/wadearnold/ach/file.go:202.45,205.3 2 1
github.com/wadearnold/ach/file.go:211.44,213.34 2 7
github.com/wadearnold/ach/file.go:216.2,216.33 1 7
github.com/wadearnold/ach/file.go:213.34,215.3 1 11
github.com/wadearnold/ach/validators.go:34.37,36.2 1 2
github.com/wadearnold/ach/validators.go:53.52,54.14 1 294
github.com/wadearnold/ach/validators.go:66.2,66.36 1 4
github.com/wadearnold/ach/validators.go:63.7,64.13 1 290
github.com/wadearnold/ach/validators.go:70.50,71.14 1 194
github.com/wadearnold/ach/validators.go:77.2,77.31 1 2
github.com/wadearnold/ach/validators.go:74.86,75.13 1 192
github.com/wadearnold/ach/validators.go:83.51,84.14 1 46
github.com/wadearnold/ach/validators.go:100.2,100.39 1 5
github.com/wadearnold/ach/validators.go:97.8,98.13 1 41
github.com/wadearnold/ach/validators.go:121.55,122.14 1 134
github.com/wadearnold/ach/validators.go:229.2,229.39 1 1
github.com/wadearnold/ach/validators.go:226.6,227.13 1 133
github.com/wadearnold/ach/validators.go:233.60,234.14 1 192
github.com/wadearnold/ach/validators.go:244.2,244.38 1 1
github.com/wadearnold/ach/validators.go:241.5,242.13 1 191
github.com/wadearnold/ach/validators.go:248.57,249.43 1 35
github.com/wadearnold/ach/validators.go:252.2,252.12 1 33
github.com/wadearnold/ach/validators.go:249.43,251.3 1 2
github.com/wadearnold/ach/validators.go:256.52,257.38 1 1595
github.com/wadearnold/ach/validators.go:261.2,261.12 1 1580
github.com/wadearnold/ach/validators.go:257.38,260.3 1 15
github.com/wadearnold/ach/validators.go:271.67,273.25 2 129
github.com/wadearnold/ach/validators.go:276.2,293.31 17 129
github.com/wadearnold/ach/validators.go:273.25,275.3 1 1032
github.com/wadearnold/ach/validators.go:297.42,299.2 1 129
github.com/wadearnold/ach/writer.go:24.37,28.2 1 2
github.com/wadearnold/ach/writer.go:31.42,32.40 1 2
github.com/wadearnold/ach/writer.go:36.2,38.72 2 2
github.com/wadearnold/ach/writer.go:41.2,43.37 2 2
github.com/wadearnold/ach/writer.go:65.2,65.73 1 2
github.com/wadearnold/ach/writer.go:68.2,71.64 2 2
github.com/wadearnold/ach/writer.go:77.2,77.12 1 2
github.com/wadearnold/ach/writer.go:32.40,34.3 1 0
github.com/wadearnold/ach/writer.go:38.72,40.3 1 0
github.com/wadearnold/ach/writer.go:43.37,44.79 1 3
github.com/wadearnold/ach/writer.go:47.3,48.44 2 3
github.com/wadearnold/ach/writer.go:60.3,60.80 1 3
github.com/wadearnold/ach/writer.go:63.3,63.14 1 3
github.com/wadearnold/ach/writer.go:44.79,46.4 1 0
github.com/wadearnold/ach/writer.go:48.44,49.68 1 2
github.com/wadearnold/ach/writer.go:52.4,53.43 2 2
github.com/wadearnold/ach/writer.go:49.68,51.5 1 0
github.com/wadearnold/ach/writer.go:53.43,54.71 1 2
github.com/wadearnold/ach/writer.go:57.5,57.16 1 2
github.com/wadearnold/ach/writer.go:54.71,56.6 1 0
github.com/wadearnold/ach/writer.go:60.80,62.4 1 0
github.com/wadearnold/ach/writer.go:65.73,67.3 1 0
github.com/wadearnold/ach/writer.go:71.64,72.76 1 6
github.com/wadearnold/ach/writer.go:72.76,74.4 1 0
github.com/wadearnold/ach/writer.go:82.26,84.2 1 1
github.com/wadearnold/ach/writer.go:87.32,90.2 2 0
github.com/wadearnold/ach/writer.go:93.48,94.29 1 2
github.com/wadearnold/ach/writer.go:102.2,102.20 1 2
github.com/wadearnold/ach/writer.go:94.29,98.17 2 2
github.com/wadearnold/ach/writer.go:98.17,100.4 1 0
github.com/wadearnold/ach/addenda99.go:24.13,27.2 1 1
github.com/wadearnold/ach/addenda99.go:65.32,71.2 2 17
github.com/wadearnold/ach/addenda99.go:74.50,91.2 8 3
github.com/wadearnold/ach/addenda99.go:94.45,105.2 1 2
github.com/wadearnold/ach/addenda99.go:108.46,110.33 1 5
github.com/wadearnold/ach/addenda99.go:116.2,117.9 2 5
github.com/wadearnold/ach/addenda99.go:121.2,121.12 1 4
github.com/wadearnold/ach/addenda99.go:110.33,113.3 2 0
github.com/wadearnold/ach/addenda99.go:117.9,120.3 1 1
github.com/wadearnold/ach/addenda99.go:125.47,127.2 1 4
github.com/wadearnold/ach/addenda99.go:130.57,132.2 1 3
github.com/wadearnold/ach/addenda99.go:135.55,137.36 1 4
github.com/wadearnold/ach/addenda99.go:141.2,141.58 1 1
github.com/wadearnold/ach/addenda99.go:137.36,139.3 1 3
github.com/wadearnold/ach/addenda99.go:145.55,147.2 1 3
github.com/wadearnold/ach/addenda99.go:150.62,152.2 1 3
github.com/wadearnold/ach/addenda99.go:155.55,157.2 1 3
github.com/wadearnold/ach/addenda99.go:159.50,202.29 3 2
github.com/wadearnold/ach/addenda99.go:205.2,205.13 1 2
github.com/wadearnold/ach/addenda99.go:202.29,204.3 1 70
github.com/wadearnold/ach/batchControl.go:72.46,96.2 11 10
github.com/wadearnold/ach/batchControl.go:99.38,106.2 1 162
github.com/wadearnold/ach/batchControl.go:109.41,123.2 1 8
github.com/wadearnold/ach/batchControl.go:127.42,128.44 1 101
github.com/wadearnold/ach/batchControl.go:131.2,131.26 1 98
github.com/wadearnold/ach/batchControl.go:135.2,135.63 1 97
github.com/wadearnold/ach/batchControl.go:139.2,139.68 1 96
github.com/wadearnold/ach/batchControl.go:143.2,143.72 1 94
github.com/wadearnold/ach/batchControl.go:147.2,147.12 1 93
github.com/wadearnold/ach/batchControl.go:128.44,130.3 1 3
github.com/wadearnold/ach/batchControl.go:131.26,134.3 2 1
github.com/wadearnold/ach/batchControl.go:135.63,137.3 1 1
github.com/wadearnold/ach/batchControl.go:139.68,141.3 1 2
github.com/wadearnold/ach/batchControl.go:143.72,145.3 1 1
github.com/wadearnold/ach/batchControl.go:152.48,153.25 1 101
github.com/wadearnold/ach/batchControl.go:156.2,156.30 1 100
github.com/wadearnold/ach/batchControl.go:159.2,159.42 1 99
github.com/wadearnold/ach/batchControl.go:162.2,162.12 1 98
github.com/wadearnold/ach/batchControl.go:153.25,155.3 1 1
github.com/wadearnold/ach/batchControl.go:156.30,158.3 1 1
github.com/wadearnold/ach/batchControl.go:159.42,161.3 1 1
github.com/wadearnold/ach/batchControl.go:166.57,168.2 1 9
github.com/wadearnold/ach/batchControl.go:171.49,173.2 1 84
github.com/wadearnold/ach/batchControl.go:176.67,178.2 1 9
github.com/wadearnold/ach/batchControl.go:181.68,183.2 1 9
github.com/wadearnold/ach/batchControl.go:186.61,188.2 1 9
github.com/wadearnold/ach/batchControl.go:191.65,193.2 1 9
github.com/wadearnold/ach/batchControl.go:196.58,198.2 1 10
github.com/wadearnold/ach/batchControl.go:201.51,203.2 1 9
github.com/wadearnold/ach/batchTEL.go:13.45,18.2 4 6
github.com/wadearnold/ach/batchTEL.go:21.41,23.39 1 11
github.com/wadearnold/ach/batchTEL.go:28.2,28.48 1 10
github.com/wadearnold/ach/batchTEL.go:33.2,33.50 1 8
github.com/wadearnold/ach/batchTEL.go:38.2,38.38 1 7
github.com/wadearnold/ach/batchTEL.go:45.2,45.34 1 6
github.com/wadearnold/ach/batchTEL.go:23.39,25.3 1 1
github.com/wadearnold/ach/batchTEL.go:28.48,30.3 1 2
github.com/wadearnold/ach/batchTEL.go:33.50,36.3 2 1
github.com/wadearnold/ach/batchTEL.go:38.38,39.35 1 7
github.com/wadearnold/ach/batchTEL.go:39.35,42.4 2 1
github.com/wadearnold/ach/batchTEL.go:49.39,51.38 1 8
github.com/wadearnold/ach/batchTEL.go:55.2,55.25 1 7
github.com/wadearnold/ach/batchTEL.go:51.38,53.3 1 1
github.com/wadearnold/ach/fileControl.go:42.45,60.2 8 7
github.com/wadearnold/ach/fileControl.go:63.35,68.2 1 35
github.com/wadearnold/ach/fileControl.go:71.40,82.2 1 4
github.com/wadearnold/ach/fileControl.go:86.41,87.44 1 14
github.com/wadearnold/ach/fileControl.go:90.2,90.26 1 8
github.com/wadearnold/ach/fileControl.go:94.2,94.12 1 7
github.com/wadearnold/ach/fileControl.go:87.44,89.3 1 6
github.com/wadearnold/ach/fileControl.go:90.26,93.3 2 1
github.com/wadearnold/ach/fileControl.go:99.47,100.25 1 14
github.com/wadearnold/ach/fileControl.go:103.2,103.24 1 13
github.com/wadearnold/ach/fileControl.go:106.2,106.24 1 11
github.com/wadearnold/ach/fileControl.go:109.2,109.31 1 10
github.com/wadearnold/ach/fileControl.go:112.2,112.23 1 9
github.com/wadearnold/ach/fileControl.go:115.2,115.12 1 8
github.com/wadearnold/ach/fileControl.go:100.25,102.3 1 1
github.com/wadearnold/ach/fileControl.go:103.24,105.3 1 2
github.com/wadearnold/ach/fileControl.go:106.24,108.3 1 1
github.com/wadearnold/ach/fileControl.go:109.31,111.3 1 1
github.com/wadearnold/ach/fileControl.go:112.23,114.3 1 1
github.com/wadearnold/ach/fileControl.go:119.49,121.2 1 7
github.com/wadearnold/ach/fileControl.go:124.49,126.2 1 6
github.com/wadearnold/ach/fileControl.go:129.56,131.2 1 8
github.com/wadearnold/ach/fileControl.go:134.48,136.2 1 14
github.com/wadearnold/ach/fileControl.go:139.72,141.2 1 6
github.com/wadearnold/ach/fileControl.go:144.73,146.2 1 6
